<?xml version="1.0" encoding="UTF-8"?>
<!-- Generated by org.testng.reporters.JUnitReportReporter -->
<testsuite skipped="0" hostname="LAPTOP-SLMCRK6V" name="QATutorial.RESTAPITest" tests="2" failures="0" timestamp="2020-09-17T20:01:09 IST" time="0.000" errors="0">
  <testcase name="postJira" time="0.000" classname="QATutorial.RESTAPITest"/>
  <system-out/>
  <testcase name="deleteTweet" time="0.000" classname="QATutorial.RESTAPITest"/>
  <system-out/>
</testsuite> <!-- QATutorial.RESTAPITest -->
