<?xml version="1.0" encoding="UTF-8"?>
<!-- Generated by org.testng.reporters.JUnitReportReporter -->
<testsuite skipped="0" hostname="LAPTOP-SLMCRK6V" name="QATutorial.AppiumTest" tests="2" failures="0" timestamp="2020-09-17T20:01:10 IST" time="0.000" errors="0">
  <testcase name="iOSApp" time="0.000" classname="QATutorial.AppiumTest"/>
  <system-out/>
  <testcase name="androidApp" time="0.000" classname="QATutorial.AppiumTest"/>
  <system-out/>
</testsuite> <!-- QATutorial.AppiumTest -->
