<?xml version="1.0" encoding="UTF-8"?>
<!-- Generated by org.testng.reporters.JUnitReportReporter -->
<testsuite skipped="0" hostname="LAPTOP-SLMCRK6V" name="QATutorial.SeleniumTest" tests="2" failures="0" timestamp="2020-09-17T20:01:09 IST" time="0.004" errors="0">
  <testcase name="firefox" time="0.000" classname="QATutorial.SeleniumTest"/>
  <system-out/>
  <testcase name="chrome" time="0.004" classname="QATutorial.SeleniumTest"/>
  <system-out/>
</testsuite> <!-- QATutorial.SeleniumTest -->
